Performing C SOURCE FILE Test CMAKE_HAVE_LIBC_PTHREAD failed with the following output:
Change Dir: /home/topeet/project01/build/CMakeFiles/CMakeTmp

Run Build Command(s):/usr/bin/make cmTC_53945/fast && /usr/bin/make -f CMakeFiles/cmTC_53945.dir/build.make CMakeFiles/cmTC_53945.dir/build
make[1]: 进入目录“/home/topeet/project01/build/CMakeFiles/CMakeTmp”
Building C object CMakeFiles/cmTC_53945.dir/src.c.o
/usr/bin/cc   -DCMAKE_HAVE_LIBC_PTHREAD   -o CMakeFiles/cmTC_53945.dir/src.c.o   -c /home/topeet/project01/build/CMakeFiles/CMakeTmp/src.c
Linking C executable cmTC_53945
/usr/bin/cmake -E cmake_link_script CMakeFiles/cmTC_53945.dir/link.txt --verbose=1
/usr/bin/cc  -DCMAKE_HAVE_LIBC_PTHREAD    CMakeFiles/cmTC_53945.dir/src.c.o  -o cmTC_53945 
/usr/bin/ld: CMakeFiles/cmTC_53945.dir/src.c.o: in function `main':
src.c:(.text+0x48): undefined reference to `pthread_create'
/usr/bin/ld: src.c:(.text+0x50): undefined reference to `pthread_detach'
/usr/bin/ld: src.c:(.text+0x5c): undefined reference to `pthread_join'
collect2: error: ld returned 1 exit status
make[1]: *** [CMakeFiles/cmTC_53945.dir/build.make:87：cmTC_53945] 错误 1
make[1]: 离开目录“/home/topeet/project01/build/CMakeFiles/CMakeTmp”
make: *** [Makefile:121：cmTC_53945/fast] 错误 2


Source file was:
#include <pthread.h>

void* test_func(void* data)
{
  return data;
}

int main(void)
{
  pthread_t thread;
  pthread_create(&thread, NULL, test_func, NULL);
  pthread_detach(thread);
  pthread_join(thread, NULL);
  pthread_atfork(NULL, NULL, NULL);
  pthread_exit(NULL);

  return 0;
}

Determining if the function pthread_create exists in the pthreads failed with the following output:
Change Dir: /home/topeet/project01/build/CMakeFiles/CMakeTmp

Run Build Command(s):/usr/bin/make cmTC_3d919/fast && /usr/bin/make -f CMakeFiles/cmTC_3d919.dir/build.make CMakeFiles/cmTC_3d919.dir/build
make[1]: 进入目录“/home/topeet/project01/build/CMakeFiles/CMakeTmp”
Building C object CMakeFiles/cmTC_3d919.dir/CheckFunctionExists.c.o
/usr/bin/cc   -DCHECK_FUNCTION_EXISTS=pthread_create   -o CMakeFiles/cmTC_3d919.dir/CheckFunctionExists.c.o   -c /usr/share/cmake-3.16/Modules/CheckFunctionExists.c
Linking C executable cmTC_3d919
/usr/bin/cmake -E cmake_link_script CMakeFiles/cmTC_3d919.dir/link.txt --verbose=1
/usr/bin/cc  -DCHECK_FUNCTION_EXISTS=pthread_create    CMakeFiles/cmTC_3d919.dir/CheckFunctionExists.c.o  -o cmTC_3d919  -lpthreads 
/usr/bin/ld: 找不到 -lpthreads
collect2: error: ld returned 1 exit status
make[1]: *** [CMakeFiles/cmTC_3d919.dir/build.make:87：cmTC_3d919] 错误 1
make[1]: 离开目录“/home/topeet/project01/build/CMakeFiles/CMakeTmp”
make: *** [Makefile:121：cmTC_3d919/fast] 错误 2



Performing C SOURCE FILE Test CMAKE_HAVE_LIBC_PTHREAD failed with the following output:
Change Dir: /home/topeet/project01/build/CMakeFiles/CMakeTmp

Run Build Command(s):/usr/bin/make cmTC_5ca60/fast && /usr/bin/make -f CMakeFiles/cmTC_5ca60.dir/build.make CMakeFiles/cmTC_5ca60.dir/build
make[1]: 进入目录“/home/topeet/project01/build/CMakeFiles/CMakeTmp”
Building C object CMakeFiles/cmTC_5ca60.dir/src.c.o
/usr/bin/cc   -DCMAKE_HAVE_LIBC_PTHREAD   -o CMakeFiles/cmTC_5ca60.dir/src.c.o   -c /home/topeet/project01/build/CMakeFiles/CMakeTmp/src.c
Linking C executable cmTC_5ca60
/usr/bin/cmake -E cmake_link_script CMakeFiles/cmTC_5ca60.dir/link.txt --verbose=1
/usr/bin/cc  -DCMAKE_HAVE_LIBC_PTHREAD    CMakeFiles/cmTC_5ca60.dir/src.c.o  -o cmTC_5ca60 
/usr/bin/ld: CMakeFiles/cmTC_5ca60.dir/src.c.o: in function `main':
src.c:(.text+0x48): undefined reference to `pthread_create'
/usr/bin/ld: src.c:(.text+0x50): undefined reference to `pthread_detach'
/usr/bin/ld: src.c:(.text+0x5c): undefined reference to `pthread_join'
collect2: error: ld returned 1 exit status
make[1]: *** [CMakeFiles/cmTC_5ca60.dir/build.make:87：cmTC_5ca60] 错误 1
make[1]: 离开目录“/home/topeet/project01/build/CMakeFiles/CMakeTmp”
make: *** [Makefile:121：cmTC_5ca60/fast] 错误 2


Source file was:
#include <pthread.h>

void* test_func(void* data)
{
  return data;
}

int main(void)
{
  pthread_t thread;
  pthread_create(&thread, NULL, test_func, NULL);
  pthread_detach(thread);
  pthread_join(thread, NULL);
  pthread_atfork(NULL, NULL, NULL);
  pthread_exit(NULL);

  return 0;
}

Determining if the function pthread_create exists in the pthreads failed with the following output:
Change Dir: /home/topeet/project01/build/CMakeFiles/CMakeTmp

Run Build Command(s):/usr/bin/make cmTC_de463/fast && /usr/bin/make -f CMakeFiles/cmTC_de463.dir/build.make CMakeFiles/cmTC_de463.dir/build
make[1]: 进入目录“/home/topeet/project01/build/CMakeFiles/CMakeTmp”
Building C object CMakeFiles/cmTC_de463.dir/CheckFunctionExists.c.o
/usr/bin/cc   -DCHECK_FUNCTION_EXISTS=pthread_create   -o CMakeFiles/cmTC_de463.dir/CheckFunctionExists.c.o   -c /usr/share/cmake-3.16/Modules/CheckFunctionExists.c
Linking C executable cmTC_de463
/usr/bin/cmake -E cmake_link_script CMakeFiles/cmTC_de463.dir/link.txt --verbose=1
/usr/bin/cc  -DCHECK_FUNCTION_EXISTS=pthread_create    CMakeFiles/cmTC_de463.dir/CheckFunctionExists.c.o  -o cmTC_de463  -lpthreads 
/usr/bin/ld: 找不到 -lpthreads
collect2: error: ld returned 1 exit status
make[1]: *** [CMakeFiles/cmTC_de463.dir/build.make:87：cmTC_de463] 错误 1
make[1]: 离开目录“/home/topeet/project01/build/CMakeFiles/CMakeTmp”
make: *** [Makefile:121：cmTC_de463/fast] 错误 2



Performing C SOURCE FILE Test CMAKE_HAVE_LIBC_PTHREAD failed with the following output:
Change Dir: /home/topeet/project01/build/CMakeFiles/CMakeTmp

Run Build Command(s):/usr/bin/make cmTC_4d7ae/fast && /usr/bin/make -f CMakeFiles/cmTC_4d7ae.dir/build.make CMakeFiles/cmTC_4d7ae.dir/build
make[1]: 进入目录“/home/topeet/project01/build/CMakeFiles/CMakeTmp”
Building C object CMakeFiles/cmTC_4d7ae.dir/src.c.o
/usr/bin/cc   -DCMAKE_HAVE_LIBC_PTHREAD   -o CMakeFiles/cmTC_4d7ae.dir/src.c.o   -c /home/topeet/project01/build/CMakeFiles/CMakeTmp/src.c
Linking C executable cmTC_4d7ae
/usr/bin/cmake -E cmake_link_script CMakeFiles/cmTC_4d7ae.dir/link.txt --verbose=1
/usr/bin/cc  -DCMAKE_HAVE_LIBC_PTHREAD    CMakeFiles/cmTC_4d7ae.dir/src.c.o  -o cmTC_4d7ae 
/usr/bin/ld: CMakeFiles/cmTC_4d7ae.dir/src.c.o: in function `main':
src.c:(.text+0x48): undefined reference to `pthread_create'
/usr/bin/ld: src.c:(.text+0x50): undefined reference to `pthread_detach'
/usr/bin/ld: src.c:(.text+0x5c): undefined reference to `pthread_join'
collect2: error: ld returned 1 exit status
make[1]: *** [CMakeFiles/cmTC_4d7ae.dir/build.make:87：cmTC_4d7ae] 错误 1
make[1]: 离开目录“/home/topeet/project01/build/CMakeFiles/CMakeTmp”
make: *** [Makefile:121：cmTC_4d7ae/fast] 错误 2


Source file was:
#include <pthread.h>

void* test_func(void* data)
{
  return data;
}

int main(void)
{
  pthread_t thread;
  pthread_create(&thread, NULL, test_func, NULL);
  pthread_detach(thread);
  pthread_join(thread, NULL);
  pthread_atfork(NULL, NULL, NULL);
  pthread_exit(NULL);

  return 0;
}

Determining if the function pthread_create exists in the pthreads failed with the following output:
Change Dir: /home/topeet/project01/build/CMakeFiles/CMakeTmp

Run Build Command(s):/usr/bin/make cmTC_e2abf/fast && /usr/bin/make -f CMakeFiles/cmTC_e2abf.dir/build.make CMakeFiles/cmTC_e2abf.dir/build
make[1]: 进入目录“/home/topeet/project01/build/CMakeFiles/CMakeTmp”
Building C object CMakeFiles/cmTC_e2abf.dir/CheckFunctionExists.c.o
/usr/bin/cc   -DCHECK_FUNCTION_EXISTS=pthread_create   -o CMakeFiles/cmTC_e2abf.dir/CheckFunctionExists.c.o   -c /usr/share/cmake-3.16/Modules/CheckFunctionExists.c
Linking C executable cmTC_e2abf
/usr/bin/cmake -E cmake_link_script CMakeFiles/cmTC_e2abf.dir/link.txt --verbose=1
/usr/bin/cc  -DCHECK_FUNCTION_EXISTS=pthread_create    CMakeFiles/cmTC_e2abf.dir/CheckFunctionExists.c.o  -o cmTC_e2abf  -lpthreads 
/usr/bin/ld: 找不到 -lpthreads
collect2: error: ld returned 1 exit status
make[1]: *** [CMakeFiles/cmTC_e2abf.dir/build.make:87：cmTC_e2abf] 错误 1
make[1]: 离开目录“/home/topeet/project01/build/CMakeFiles/CMakeTmp”
make: *** [Makefile:121：cmTC_e2abf/fast] 错误 2



Performing C SOURCE FILE Test CMAKE_HAVE_LIBC_PTHREAD failed with the following output:
Change Dir: /home/topeet/project01/build/CMakeFiles/CMakeTmp

Run Build Command(s):/usr/bin/make cmTC_78491/fast && /usr/bin/make -f CMakeFiles/cmTC_78491.dir/build.make CMakeFiles/cmTC_78491.dir/build
make[1]: 进入目录“/home/topeet/project01/build/CMakeFiles/CMakeTmp”
Building C object CMakeFiles/cmTC_78491.dir/src.c.o
/usr/bin/cc   -DCMAKE_HAVE_LIBC_PTHREAD   -o CMakeFiles/cmTC_78491.dir/src.c.o   -c /home/topeet/project01/build/CMakeFiles/CMakeTmp/src.c
Linking C executable cmTC_78491
/usr/bin/cmake -E cmake_link_script CMakeFiles/cmTC_78491.dir/link.txt --verbose=1
/usr/bin/cc  -DCMAKE_HAVE_LIBC_PTHREAD    CMakeFiles/cmTC_78491.dir/src.c.o  -o cmTC_78491 
/usr/bin/ld: CMakeFiles/cmTC_78491.dir/src.c.o: in function `main':
src.c:(.text+0x48): undefined reference to `pthread_create'
/usr/bin/ld: src.c:(.text+0x50): undefined reference to `pthread_detach'
/usr/bin/ld: src.c:(.text+0x5c): undefined reference to `pthread_join'
collect2: error: ld returned 1 exit status
make[1]: *** [CMakeFiles/cmTC_78491.dir/build.make:87：cmTC_78491] 错误 1
make[1]: 离开目录“/home/topeet/project01/build/CMakeFiles/CMakeTmp”
make: *** [Makefile:121：cmTC_78491/fast] 错误 2


Source file was:
#include <pthread.h>

void* test_func(void* data)
{
  return data;
}

int main(void)
{
  pthread_t thread;
  pthread_create(&thread, NULL, test_func, NULL);
  pthread_detach(thread);
  pthread_join(thread, NULL);
  pthread_atfork(NULL, NULL, NULL);
  pthread_exit(NULL);

  return 0;
}

Determining if the function pthread_create exists in the pthreads failed with the following output:
Change Dir: /home/topeet/project01/build/CMakeFiles/CMakeTmp

Run Build Command(s):/usr/bin/make cmTC_0bf51/fast && /usr/bin/make -f CMakeFiles/cmTC_0bf51.dir/build.make CMakeFiles/cmTC_0bf51.dir/build
make[1]: 进入目录“/home/topeet/project01/build/CMakeFiles/CMakeTmp”
Building C object CMakeFiles/cmTC_0bf51.dir/CheckFunctionExists.c.o
/usr/bin/cc   -DCHECK_FUNCTION_EXISTS=pthread_create   -o CMakeFiles/cmTC_0bf51.dir/CheckFunctionExists.c.o   -c /usr/share/cmake-3.16/Modules/CheckFunctionExists.c
Linking C executable cmTC_0bf51
/usr/bin/cmake -E cmake_link_script CMakeFiles/cmTC_0bf51.dir/link.txt --verbose=1
/usr/bin/cc  -DCHECK_FUNCTION_EXISTS=pthread_create    CMakeFiles/cmTC_0bf51.dir/CheckFunctionExists.c.o  -o cmTC_0bf51  -lpthreads 
/usr/bin/ld: 找不到 -lpthreads
collect2: error: ld returned 1 exit status
make[1]: *** [CMakeFiles/cmTC_0bf51.dir/build.make:87：cmTC_0bf51] 错误 1
make[1]: 离开目录“/home/topeet/project01/build/CMakeFiles/CMakeTmp”
make: *** [Makefile:121：cmTC_0bf51/fast] 错误 2



